0 info it worked if it ends with ok
1 verbose cli [ '/usr/local/lib/node-v6.11.1-linux-x64/bin/node',
1 verbose cli   '/usr/local/lib/node-v6.11.1-linux-x64/bin/npm',
1 verbose cli   'start' ]
2 info using npm@3.10.10
3 info using node@v6.11.1
4 verbose run-script [ 'prestart', 'start', 'poststart' ]
5 info lifecycle logd@1.0.0~prestart: logd@1.0.0
6 silly lifecycle logd@1.0.0~prestart: no script for prestart, continuing
7 info lifecycle logd@1.0.0~start: logd@1.0.0
8 verbose lifecycle logd@1.0.0~start: unsafe-perm in lifecycle true
9 verbose lifecycle logd@1.0.0~start: PATH: /usr/local/lib/node-v6.11.1-linux-x64/lib/node_modules/npm/bin/node-gyp-bin:/home/david/Dropbox/logd/node_modules/.bin:/opt/android-studio/bin:/home/david/.local/bin:/opt/PostgreSQL/9.6/bin:/opt/PostgreSQL/9.6/pgAdmin4/bin:/opt/Qt/5.9.1/gcc_64/bin:/opt/Qt/Tools/QtCreator/bin:usr/local/lib/jdk1.8.0_111/bin:/usr/local/lib/node-v6.11.1-linux-x64/bin:/usr/local/sbin:/usr/local/bin:/usr/sbin:/usr/bin:/sbin:/bin:/usr/games:/usr/local/games:/snap/bin
10 verbose lifecycle logd@1.0.0~start: CWD: /home/david/Dropbox/logd
11 silly lifecycle logd@1.0.0~start: Args: [ '-c', 'node app.js' ]
12 silly lifecycle logd@1.0.0~start: Returned: code: 1  signal: null
13 info lifecycle logd@1.0.0~start: Failed to exec start script
14 verbose stack Error: logd@1.0.0 start: `node app.js`
14 verbose stack Exit status 1
14 verbose stack     at EventEmitter.<anonymous> (/usr/local/lib/node-v6.11.1-linux-x64/lib/node_modules/npm/lib/utils/lifecycle.js:255:16)
14 verbose stack     at emitTwo (events.js:106:13)
14 verbose stack     at EventEmitter.emit (events.js:191:7)
14 verbose stack     at ChildProcess.<anonymous> (/usr/local/lib/node-v6.11.1-linux-x64/lib/node_modules/npm/lib/utils/spawn.js:40:14)
14 verbose stack     at emitTwo (events.js:106:13)
14 verbose stack     at ChildProcess.emit (events.js:191:7)
14 verbose stack     at maybeClose (internal/child_process.js:891:16)
14 verbose stack     at Process.ChildProcess._handle.onexit (internal/child_process.js:226:5)
15 verbose pkgid logd@1.0.0
16 verbose cwd /home/david/Dropbox/logd
17 error Linux 4.10.0-42-generic
18 error argv "/usr/local/lib/node-v6.11.1-linux-x64/bin/node" "/usr/local/lib/node-v6.11.1-linux-x64/bin/npm" "start"
19 error node v6.11.1
20 error npm  v3.10.10
21 error code ELIFECYCLE
22 error logd@1.0.0 start: `node app.js`
22 error Exit status 1
23 error Failed at the logd@1.0.0 start script 'node app.js'.
23 error Make sure you have the latest version of node.js and npm installed.
23 error If you do, this is most likely a problem with the logd package,
23 error not with npm itself.
23 error Tell the author that this fails on your system:
23 error     node app.js
23 error You can get information on how to open an issue for this project with:
23 error     npm bugs logd
23 error Or if that isn't available, you can get their info via:
23 error     npm owner ls logd
23 error There is likely additional logging output above.
24 verbose exit [ 1, true ]
